0 info it worked if it ends with ok
1 verbose cli [ '/home/vagrant/.nodebrew/node/v6.11.1/bin/node',
1 verbose cli   '/home/vagrant/.nodebrew/current/bin/npm',
1 verbose cli   'start' ]
2 info using npm@3.10.10
3 info using node@v6.11.1
4 verbose run-script [ 'prestart', 'start', 'poststart' ]
5 info lifecycle ejs@0.0.0~prestart: ejs@0.0.0
6 silly lifecycle ejs@0.0.0~prestart: no script for prestart, continuing
7 info lifecycle ejs@0.0.0~start: ejs@0.0.0
8 verbose lifecycle ejs@0.0.0~start: unsafe-perm in lifecycle true
9 verbose lifecycle ejs@0.0.0~start: PATH: /home/vagrant/.nodebrew/node/v6.11.1/lib/node_modules/npm/bin/node-gyp-bin:/home/vagrant/workspace/japanese/node_modules/.bin:/home/vagrant/.nodebrew/node/v6.11.1/bin:/home/vagrant/.nodebrew/current/bin:/home/vagrant/.nodebrew/current/bin:/home/vagrant/.nodebrew/current/bin:/home/vagrant/.nodebrew/current/bin:/home/vagrant/.nodebrew/current/bin:/home/vagrant/.nodebrew/current/bin:/home/linuxbrew/.linuxbrew/bin:/home/linuxbrew/.linuxbrew/sbin:/home/vagrant/.nodebrew/current/bin:/home/linuxbrew/.linuxbrew/bin:/home/linuxbrew/.linuxbrew/sbin:/home/vagrant/.pyenv/shims:/home/vagrant/.pyenv/bin:/home/vagrant/.pyenv/shims:/home/vagrant/.pyenv/bin:S{PYENV_ROOT}/bin:/usr/local/sbin:/usr/local/bin:/usr/sbin:/usr/bin:/sbin:/bin:/usr/games:/usr/local/games
10 verbose lifecycle ejs@0.0.0~start: CWD: /home/vagrant/workspace/japanese
11 silly lifecycle ejs@0.0.0~start: Args: [ '-c', 'node ./bin/www' ]
12 silly lifecycle ejs@0.0.0~start: Returned: code: 1  signal: null
13 info lifecycle ejs@0.0.0~start: Failed to exec start script
14 verbose stack Error: ejs@0.0.0 start: `node ./bin/www`
14 verbose stack Exit status 1
14 verbose stack     at EventEmitter.<anonymous> (/home/vagrant/.nodebrew/node/v6.11.1/lib/node_modules/npm/lib/utils/lifecycle.js:255:16)
14 verbose stack     at emitTwo (events.js:106:13)
14 verbose stack     at EventEmitter.emit (events.js:191:7)
14 verbose stack     at ChildProcess.<anonymous> (/home/vagrant/.nodebrew/node/v6.11.1/lib/node_modules/npm/lib/utils/spawn.js:40:14)
14 verbose stack     at emitTwo (events.js:106:13)
14 verbose stack     at ChildProcess.emit (events.js:191:7)
14 verbose stack     at maybeClose (internal/child_process.js:891:16)
14 verbose stack     at Process.ChildProcess._handle.onexit (internal/child_process.js:226:5)
15 verbose pkgid ejs@0.0.0
16 verbose cwd /home/vagrant/workspace/japanese
17 error Linux 3.13.0-110-generic
18 error argv "/home/vagrant/.nodebrew/node/v6.11.1/bin/node" "/home/vagrant/.nodebrew/current/bin/npm" "start"
19 error node v6.11.1
20 error npm  v3.10.10
21 error code ELIFECYCLE
22 error ejs@0.0.0 start: `node ./bin/www`
22 error Exit status 1
23 error Failed at the ejs@0.0.0 start script 'node ./bin/www'.
23 error Make sure you have the latest version of node.js and npm installed.
23 error If you do, this is most likely a problem with the ejs package,
23 error not with npm itself.
23 error Tell the author that this fails on your system:
23 error     node ./bin/www
23 error You can get information on how to open an issue for this project with:
23 error     npm bugs ejs
23 error Or if that isn't available, you can get their info via:
23 error     npm owner ls ejs
23 error There is likely additional logging output above.
24 verbose exit [ 1, true ]
